<?xml version="1.0" encoding="UTF-8"?>
<!-- Generated by org.testng.reporters.JUnitReportReporter -->
<testsuite hostname="thinkpad-e14" failures="0" tests="2" name="inventoryTest.S1_AddProductToCartTest" time="2.080" errors="0" timestamp="2025-05-13T23:29:15 IST" skipped="0">
  <testcase classname="inventoryTest.S1_AddProductToCartTest" name="tc_01_AddProductToCartTest" time="1.572"/>
  <system-out/>
  <testcase classname="inventoryTest.S1_AddProductToCartTest" name="samppleTest" time="0.508"/>
  <system-out/>
</testsuite> <!-- inventoryTest.S1_AddProductToCartTest -->
